2025-09-02 13:40:12,653 DEBUG    root            Loaded Command Group: ['gcloud', 'components']
2025-09-02 13:40:12,656 DEBUG    root            Loaded Command Group: ['gcloud', 'components', 'update']
2025-09-02 13:40:12,657 DEBUG    root            Running [gcloud.components.update] with arguments: [--quiet: "True", COMPONENT-IDS:8: "['gcloud', 'core', 'bq', 'gsutil', 'compute', 'preview', 'alpha', 'beta']"]
2025-09-02 13:40:12,659 INFO     ___FILE_ONLY___ Beginning update. This process may take several minutes.

2025-09-02 13:40:12,667 DEBUG    urllib3.connectionpool Starting new HTTPS connection (1): dl.google.com:443
2025-09-02 13:40:12,684 DEBUG    urllib3.connectionpool https://dl.google.com:443 "GET /dl/cloudsdk/channels/rapid/components-2.json HTTP/11" 200 233150
2025-09-02 13:40:12,696 WARNING  root            Component [compute] no longer exists.
2025-09-02 13:40:12,697 INFO     ___FILE_ONLY___ 

2025-09-02 13:40:12,697 INFO     ___FILE_ONLY___ 
Your current Google Cloud CLI version is: 536.0.1

2025-09-02 13:40:12,697 INFO     ___FILE_ONLY___ Installing components from version: 536.0.1

2025-09-02 13:40:12,697 INFO     ___FILE_ONLY___ 

2025-09-02 13:40:12,698 DEBUG    root            Chosen display Format:table[box,title="These components will be removed."](details.display_name:label=Name:align=left,version.version_string:label=Version:align=right,data.size.size(zero="",min=1048576):label=Size:align=right)
2025-09-02 13:40:12,698 DEBUG    root            Chosen display Format:table[box,title="These components will be updated."](details.display_name:label=Name:align=left,version.version_string:label=Version:align=right,data.size.size(zero="",min=1048576):label=Size:align=right)
2025-09-02 13:40:12,699 DEBUG    root            Chosen display Format:table[box,title="These components will be installed."](details.display_name:label=Name:align=left,version.version_string:label=Version:align=right,data.size.size(zero="",min=1048576):label=Size:align=right)
2025-09-02 13:40:12,715 INFO     ___FILE_ONLY___ ┌────────────────────────────────────────────────┐
2025-09-02 13:40:12,715 INFO     ___FILE_ONLY___ 

2025-09-02 13:40:12,715 INFO     ___FILE_ONLY___ │      These components will be installed.       │
2025-09-02 13:40:12,715 INFO     ___FILE_ONLY___ 

2025-09-02 13:40:12,715 INFO     ___FILE_ONLY___ ├─────────────────────────┬────────────┬─────────┤
2025-09-02 13:40:12,715 INFO     ___FILE_ONLY___ 

2025-09-02 13:40:12,715 INFO     ___FILE_ONLY___ │           Name          │  Version   │   Size  │
2025-09-02 13:40:12,715 INFO     ___FILE_ONLY___ 

2025-09-02 13:40:12,715 INFO     ___FILE_ONLY___ ├─────────────────────────┼────────────┼─────────┤
2025-09-02 13:40:12,715 INFO     ___FILE_ONLY___ 

2025-09-02 13:40:12,715 INFO     ___FILE_ONLY___ │ 
2025-09-02 13:40:12,715 INFO     ___FILE_ONLY___ gcloud Alpha Commands  
2025-09-02 13:40:12,715 INFO     ___FILE_ONLY___  
2025-09-02 13:40:12,715 INFO     ___FILE_ONLY___ │ 
2025-09-02 13:40:12,716 INFO     ___FILE_ONLY___ 2025.08.27
2025-09-02 13:40:12,716 INFO     ___FILE_ONLY___  
2025-09-02 13:40:12,716 INFO     ___FILE_ONLY___ │ 
2025-09-02 13:40:12,716 INFO     ___FILE_ONLY___ < 1 MiB
2025-09-02 13:40:12,716 INFO     ___FILE_ONLY___  
2025-09-02 13:40:12,716 INFO     ___FILE_ONLY___ │
2025-09-02 13:40:12,716 INFO     ___FILE_ONLY___ 

2025-09-02 13:40:12,716 INFO     ___FILE_ONLY___ │ 
2025-09-02 13:40:12,716 INFO     ___FILE_ONLY___ gcloud Beta Commands   
2025-09-02 13:40:12,716 INFO     ___FILE_ONLY___  
2025-09-02 13:40:12,716 INFO     ___FILE_ONLY___ │ 
2025-09-02 13:40:12,716 INFO     ___FILE_ONLY___ 2025.08.27
2025-09-02 13:40:12,716 INFO     ___FILE_ONLY___  
2025-09-02 13:40:12,716 INFO     ___FILE_ONLY___ │ 
2025-09-02 13:40:12,716 INFO     ___FILE_ONLY___ < 1 MiB
2025-09-02 13:40:12,716 INFO     ___FILE_ONLY___  
2025-09-02 13:40:12,716 INFO     ___FILE_ONLY___ │
2025-09-02 13:40:12,716 INFO     ___FILE_ONLY___ 

2025-09-02 13:40:12,716 INFO     ___FILE_ONLY___ │ 
2025-09-02 13:40:12,716 INFO     ___FILE_ONLY___ gcloud Preview Commands
2025-09-02 13:40:12,716 INFO     ___FILE_ONLY___  
2025-09-02 13:40:12,717 INFO     ___FILE_ONLY___ │ 
2025-09-02 13:40:12,717 INFO     ___FILE_ONLY___           
2025-09-02 13:40:12,717 INFO     ___FILE_ONLY___  
2025-09-02 13:40:12,717 INFO     ___FILE_ONLY___ │ 
2025-09-02 13:40:12,717 INFO     ___FILE_ONLY___ < 1 MiB
2025-09-02 13:40:12,717 INFO     ___FILE_ONLY___  
2025-09-02 13:40:12,717 INFO     ___FILE_ONLY___ │
2025-09-02 13:40:12,717 INFO     ___FILE_ONLY___ 

2025-09-02 13:40:12,717 INFO     ___FILE_ONLY___ └─────────────────────────┴────────────┴─────────┘
2025-09-02 13:40:12,717 INFO     ___FILE_ONLY___ 

2025-09-02 13:40:12,717 INFO     ___FILE_ONLY___ 

2025-09-02 13:40:12,720 DEBUG    urllib3.connectionpool Starting new HTTPS connection (1): dl.google.com:443
2025-09-02 13:40:12,737 DEBUG    urllib3.connectionpool https://dl.google.com:443 "GET /dl/cloudsdk/channels/rapid/RELEASE_NOTES HTTP/11" 200 1471518
2025-09-02 13:40:13,235 INFO     ___FILE_ONLY___ For the latest full release notes, please visit:
  https://cloud.google.com/sdk/release_notes


2025-09-02 13:40:13,235 INFO     ___FILE_ONLY___ Performing in place update...


2025-09-02 13:40:13,237 INFO     ___FILE_ONLY___ ╔════════════════════════════════════════════════════════════╗

2025-09-02 13:40:13,237 INFO     ___FILE_ONLY___ ╠═ Downloading: gcloud Alpha Commands                       ═╣

2025-09-02 13:40:13,237 INFO     ___FILE_ONLY___ ╚
2025-09-02 13:40:13,240 DEBUG    urllib3.connectionpool Starting new HTTPS connection (1): dl.google.com:443
2025-09-02 13:40:13,254 DEBUG    urllib3.connectionpool https://dl.google.com:443 "GET /dl/cloudsdk/channels/rapid/components/google-cloud-sdk-alpha-20250827140515.tar.gz HTTP/11" 200 800
2025-09-02 13:40:13,254 INFO     ___FILE_ONLY___ ════════════════════════════════════════════════════════════
2025-09-02 13:40:13,254 INFO     ___FILE_ONLY___ ╝

2025-09-02 13:40:13,256 INFO     ___FILE_ONLY___ ╔════════════════════════════════════════════════════════════╗

2025-09-02 13:40:13,256 INFO     ___FILE_ONLY___ ╠═ Downloading: gcloud Beta Commands                        ═╣

2025-09-02 13:40:13,256 INFO     ___FILE_ONLY___ ╚
2025-09-02 13:40:13,259 DEBUG    urllib3.connectionpool Starting new HTTPS connection (1): dl.google.com:443
2025-09-02 13:40:13,273 DEBUG    urllib3.connectionpool https://dl.google.com:443 "GET /dl/cloudsdk/channels/rapid/components/google-cloud-sdk-beta-20250827140515.tar.gz HTTP/11" 200 797
2025-09-02 13:40:13,273 INFO     ___FILE_ONLY___ ════════════════════════════════════════════════════════════
2025-09-02 13:40:13,274 INFO     ___FILE_ONLY___ ╝

2025-09-02 13:40:13,276 INFO     ___FILE_ONLY___ ╔════════════════════════════════════════════════════════════╗

2025-09-02 13:40:13,276 INFO     ___FILE_ONLY___ ╠═ Downloading: gcloud Preview Commands                     ═╣

2025-09-02 13:40:13,276 INFO     ___FILE_ONLY___ ╚
2025-09-02 13:40:13,278 DEBUG    urllib3.connectionpool Starting new HTTPS connection (1): dl.google.com:443
2025-09-02 13:40:13,326 DEBUG    urllib3.connectionpool https://dl.google.com:443 "GET /dl/cloudsdk/channels/rapid/components/google-cloud-sdk-preview-20241115154308.tar.gz HTTP/11" 200 823
2025-09-02 13:40:13,327 INFO     ___FILE_ONLY___ ════════════════════════════════════════════════════════════
2025-09-02 13:40:13,327 INFO     ___FILE_ONLY___ ╝

2025-09-02 13:40:13,329 INFO     ___FILE_ONLY___ ╔════════════════════════════════════════════════════════════╗

2025-09-02 13:40:13,329 INFO     ___FILE_ONLY___ ╠═ Installing: gcloud Alpha Commands                        ═╣

2025-09-02 13:40:13,329 INFO     ___FILE_ONLY___ ╚
2025-09-02 13:40:13,330 INFO     ___FILE_ONLY___ ════════════════════════════════════════════════════════════
2025-09-02 13:40:13,330 INFO     ___FILE_ONLY___ ╝

2025-09-02 13:40:13,335 INFO     ___FILE_ONLY___ ╔════════════════════════════════════════════════════════════╗

2025-09-02 13:40:13,336 INFO     ___FILE_ONLY___ ╠═ Installing: gcloud Beta Commands                         ═╣

2025-09-02 13:40:13,336 INFO     ___FILE_ONLY___ ╚
2025-09-02 13:40:13,336 INFO     ___FILE_ONLY___ ════════════════════════════════════════════════════════════
2025-09-02 13:40:13,336 INFO     ___FILE_ONLY___ ╝

2025-09-02 13:40:13,341 INFO     ___FILE_ONLY___ ╔════════════════════════════════════════════════════════════╗

2025-09-02 13:40:13,341 INFO     ___FILE_ONLY___ ╠═ Installing: gcloud Preview Commands                      ═╣

2025-09-02 13:40:13,341 INFO     ___FILE_ONLY___ ╚
2025-09-02 13:40:13,341 INFO     ___FILE_ONLY___ ════════════════════════════════════════════════════════════
2025-09-02 13:40:13,342 INFO     ___FILE_ONLY___ ╝

2025-09-02 13:40:13,347 DEBUG    root            Updating notification cache...
2025-09-02 13:40:13,347 INFO     ___FILE_ONLY___ 

2025-09-02 13:40:13,349 INFO     ___FILE_ONLY___ Performing post processing steps...
2025-09-02 13:40:13,349 DEBUG    root            Executing command: ['/tools/google-cloud-sdk/bin/gcloud', 'components', 'post-process']
2025-09-02 13:40:23,688 DEBUG    ___FILE_ONLY___ 
2025-09-02 13:40:23,688 DEBUG    ___FILE_ONLY___ 
2025-09-02 13:40:23,871 INFO     root            descriptor_list: [{'universeDomain': 'googleapis.com', 'universeShortName': '', 'authenticationDomain': 'auth.cloud.google.com', 'projectPrefix': '', 'cloudWebDomain': 'cloud.google.com', 'documentationDomain': 'cloud.google.com', 'version': '1.0.0', 'state': 'primary', 'artifactRegistryDomain': 'pkg.dev'}]
2025-09-02 13:40:23,872 INFO     ___FILE_ONLY___ 
Update done!


2025-09-02 13:40:23,874 DEBUG    root            Chosen display Format:none
2025-09-02 13:40:23,874 INFO     root            Display format: "none"
